This file contains any messages produced by compilers while
running configure, to aid debugging if configure makes a mistake.

It was created by configure, which was
generated by GNU Autoconf 2.69.  Invocation command line was

  $ ./configure --no-create --no-recursion

## --------- ##
## Platform. ##
## --------- ##

hostname = ATM-5501544-02
uname -m = x86_64
uname -r = 3.10.0-862.el7.x86_64
uname -s = Linux
uname -v = #1 SMP Fri Apr 20 16:44:24 UTC 2018

/usr/bin/uname -p = x86_64
/bin/uname -X     = unknown

/bin/arch              = x86_64
/usr/bin/arch -k       = unknown
/usr/convex/getsysinfo = unknown
/usr/bin/hostinfo      = unknown
/bin/machine           = unknown
/usr/bin/oslevel       = unknown
/bin/universe          = unknown

PATH: /root/.cargo/bin
PATH: /usr/local/sbin
PATH: /usr/local/bin
PATH: /usr/sbin
PATH: /usr/bin
PATH: /root/bin


## ----------- ##
## Core tests. ##
## ----------- ##

configure:2209: result: Begining autoconfiguration process for thc-ssl-dos-1.4...
configure:2245: checking build system type
configure:2259: result: x86_64-unknown-linux-gnu
configure:2279: checking host system type
configure:2292: result: x86_64-unknown-linux-gnu
configure:2312: checking target system type
configure:2325: result: x86_64-unknown-linux-gnu
configure:2369: checking for a BSD-compatible install
configure:2437: result: /usr/bin/install -c
configure:2448: checking whether build environment is sane
configure:2498: result: yes
configure:2639: checking for a thread-safe mkdir -p
configure:2678: result: /usr/bin/mkdir -p
configure:2691: checking for gawk
configure:2707: found /usr/bin/gawk
configure:2718: result: gawk
configure:2729: checking whether make sets $(MAKE)
configure:2751: result: yes
configure:2882: checking for gcc
configure:2898: found /usr/bin/gcc
configure:2909: result: gcc
configure:3138: checking for C compiler version
configure:3147: gcc --version >&5
gcc (GCC) 4.8.5 20150623 (Red Hat 4.8.5-44)
Copyright (C) 2015 Free Software Foundation, Inc.
This is free software; see the source for copying conditions.  There is NO
warranty; not even for MERCHANTABILITY or FITNESS FOR A PARTICULAR PURPOSE.

configure:3158: $? = 0
configure:3147: gcc -v >&5
Using built-in specs.
COLLECT_GCC=gcc
COLLECT_LTO_WRAPPER=/usr/libexec/gcc/x86_64-redhat-linux/4.8.5/lto-wrapper
Target: x86_64-redhat-linux
Configured with: ../configure --prefix=/usr --mandir=/usr/share/man --infodir=/usr/share/info --with-bugurl=http://bugzilla.redhat.com/bugzilla --enable-bootstrap --enable-shared --enable-threads=posix --enable-checking=release --with-system-zlib --enable-__cxa_atexit --disable-libunwind-exceptions --enable-gnu-unique-object --enable-linker-build-id --with-linker-hash-style=gnu --enable-languages=c,c++,objc,obj-c++,java,fortran,ada,go,lto --enable-plugin --enable-initfini-array --disable-libgcj --with-isl=/builddir/build/BUILD/gcc-4.8.5-20150702/obj-x86_64-redhat-linux/isl-install --with-cloog=/builddir/build/BUILD/gcc-4.8.5-20150702/obj-x86_64-redhat-linux/cloog-install --enable-gnu-indirect-function --with-tune=generic --with-arch_32=x86-64 --build=x86_64-redhat-linux
Thread model: posix
gcc version 4.8.5 20150623 (Red Hat 4.8.5-44) (GCC) 
configure:3158: $? = 0
configure:3147: gcc -V >&5
gcc: error: unrecognized command line option '-V'
gcc: fatal error: no input files
compilation terminated.
configure:3158: $? = 4
configure:3147: gcc -qversion >&5
gcc: error: unrecognized command line option '-qversion'
gcc: fatal error: no input files
compilation terminated.
configure:3158: $? = 4
configure:3178: checking whether the C compiler works
configure:3200: gcc    conftest.c  >&5
configure:3204: $? = 0
configure:3252: result: yes
configure:3255: checking for C compiler default output file name
configure:3257: result: a.out
configure:3263: checking for suffix of executables
configure:3270: gcc -o conftest    conftest.c  >&5
configure:3274: $? = 0
configure:3296: result: 
configure:3318: checking whether we are cross compiling
configure:3326: gcc -o conftest    conftest.c  >&5
configure:3330: $? = 0
configure:3337: ./conftest
configure:3341: $? = 0
configure:3356: result: no
configure:3361: checking for suffix of object files
configure:3383: gcc -c   conftest.c >&5
configure:3387: $? = 0
configure:3408: result: o
configure:3412: checking whether we are using the GNU C compiler
configure:3431: gcc -c   conftest.c >&5
configure:3431: $? = 0
configure:3440: result: yes
configure:3449: checking whether gcc accepts -g
configure:3469: gcc -c -g  conftest.c >&5
configure:3469: $? = 0
configure:3510: result: yes
configure:3527: checking for gcc option to accept ISO C89
configure:3590: gcc  -c -g -O2  conftest.c >&5
configure:3590: $? = 0
configure:3603: result: none needed
configure:3634: checking for style of include used by make
configure:3662: result: GNU
configure:3687: checking dependency style of gcc
configure:3797: result: gcc3
configure:3856: checking for ranlib
configure:3872: found /usr/bin/ranlib
configure:3883: result: ranlib
configure:3906: checking for an ANSI C-conforming const
configure:3972: gcc -c -g -O2  conftest.c >&5
configure:3972: $? = 0
configure:3979: result: yes
configure:4042: checking whether to compile a static binary
configure:4054: result: no
configure:4067: checking whether to compile with DEBUG flag
configure:4079: result: no
configure:4086: checking for /dev/urandom
configure:4099: result: yes
configure:4109: checking for socket in -lsocket
configure:4134: gcc -o conftest -O2 -Wall  -I/usr/local/include  -L./  -L/usr/local/lib  conftest.c -lsocket   >&5
/usr/bin/ld: cannot find -lsocket
collect2: error: ld returned 1 exit status
configure:4134: $? = 1
configure: failed program was:
| /* confdefs.h */
| #define PACKAGE_NAME ""
| #define PACKAGE_TARNAME ""
| #define PACKAGE_VERSION ""
| #define PACKAGE_STRING ""
| #define PACKAGE_BUGREPORT ""
| #define PACKAGE_URL ""
| #define PACKAGE "thc-ssl-dos"
| #define VERSION "1.4"
| #define HAVE_DEVURANDOM 1
| /* end confdefs.h.  */
| 
| /* Override any GCC internal prototype to avoid an error.
|    Use char because int might match the return type of a GCC
|    builtin and then its argument prototype would still apply.  */
| #ifdef __cplusplus
| extern "C"
| #endif
| char socket ();
| int
| main ()
| {
| return socket ();
|   ;
|   return 0;
| }
configure:4143: result: no
configure:4154: checking for gethostbyname in -lnsl
configure:4179: gcc -o conftest -O2 -Wall  -I/usr/local/include  -L./  -L/usr/local/lib  conftest.c -lnsl   >&5
configure:4179: $? = 0
configure:4188: result: yes
configure:4200: checking for DH_free in -lcrypto
configure:4225: gcc -o conftest -O2 -Wall  -I/usr/local/include  -L./  -L/usr/local/lib  conftest.c -lcrypto  -lnsl  >&5
configure:4225: $? = 0
configure:4234: result: yes
configure:4247: checking for BIO_new_ssl in -lssl
configure:4272: gcc -o conftest -O2 -Wall  -I/usr/local/include  -L./  -L/usr/local/lib  conftest.c -lssl  -lcrypto -lnsl  >&5
configure:4272: $? = 0
configure:4281: result: yes
configure:4295: checking OpenSSL library version
configure:4315: gcc -o conftest -O2 -Wall  -I/usr/local/include  -L./  -L/usr/local/lib  conftest.c -lssl -lcrypto -lnsl  >&5
configure:4315: $? = 0
configure:4315: ./conftest
configure:4315: $? = 0
configure:4316: result: ok
configure:4334: checking how to run the C preprocessor
configure:4365: gcc -E  -I/usr/local/include  conftest.c
configure:4365: $? = 0
configure:4379: gcc -E  -I/usr/local/include  conftest.c
conftest.c:15:28: fatal error: ac_nonexistent.h: No such file or directory
 #include <ac_nonexistent.h>
                            ^
compilation terminated.
configure:4379: $? = 1
configure: failed program was:
| /* confdefs.h */
| #define PACKAGE_NAME ""
| #define PACKAGE_TARNAME ""
| #define PACKAGE_VERSION ""
| #define PACKAGE_STRING ""
| #define PACKAGE_BUGREPORT ""
| #define PACKAGE_URL ""
| #define PACKAGE "thc-ssl-dos"
| #define VERSION "1.4"
| #define HAVE_DEVURANDOM 1
| #define HAVE_LIBNSL 1
| #define HAVE_LIBCRYPTO 1
| #define HAVE_LIBSSL 1
| /* end confdefs.h.  */
| #include <ac_nonexistent.h>
configure:4404: result: gcc -E
configure:4424: gcc -E  -I/usr/local/include  conftest.c
configure:4424: $? = 0
configure:4438: gcc -E  -I/usr/local/include  conftest.c
conftest.c:15:28: fatal error: ac_nonexistent.h: No such file or directory
 #include <ac_nonexistent.h>
                            ^
compilation terminated.
configure:4438: $? = 1
configure: failed program was:
| /* confdefs.h */
| #define PACKAGE_NAME ""
| #define PACKAGE_TARNAME ""
| #define PACKAGE_VERSION ""
| #define PACKAGE_STRING ""
| #define PACKAGE_BUGREPORT ""
| #define PACKAGE_URL ""
| #define PACKAGE "thc-ssl-dos"
| #define VERSION "1.4"
| #define HAVE_DEVURANDOM 1
| #define HAVE_LIBNSL 1
| #define HAVE_LIBCRYPTO 1
| #define HAVE_LIBSSL 1
| /* end confdefs.h.  */
| #include <ac_nonexistent.h>
configure:4467: checking for grep that handles long lines and -e
configure:4525: result: /usr/bin/grep
configure:4530: checking for egrep
configure:4592: result: /usr/bin/grep -E
configure:4597: checking for ANSI C header files
configure:4617: gcc -c -O2 -Wall  -I/usr/local/include  conftest.c >&5
configure:4617: $? = 0
configure:4690: gcc -o conftest -O2 -Wall  -I/usr/local/include  -L./  -L/usr/local/lib  conftest.c -lssl -lcrypto -lnsl  >&5
configure:4690: $? = 0
configure:4690: ./conftest
configure:4690: $? = 0
configure:4701: result: yes
configure:4709: checking for sys/wait.h that is POSIX.1 compatible
configure:4735: gcc -c -O2 -Wall  -I/usr/local/include  conftest.c >&5
configure:4735: $? = 0
configure:4742: result: yes
configure:4755: checking for sys/types.h
configure:4755: gcc -c -O2 -Wall  -I/usr/local/include  conftest.c >&5
configure:4755: $? = 0
configure:4755: result: yes
configure:4755: checking for sys/stat.h
configure:4755: gcc -c -O2 -Wall  -I/usr/local/include  conftest.c >&5
configure:4755: $? = 0
configure:4755: result: yes
configure:4755: checking for stdlib.h
configure:4755: gcc -c -O2 -Wall  -I/usr/local/include  conftest.c >&5
configure:4755: $? = 0
configure:4755: result: yes
configure:4755: checking for string.h
configure:4755: gcc -c -O2 -Wall  -I/usr/local/include  conftest.c >&5
configure:4755: $? = 0
configure:4755: result: yes
configure:4755: checking for memory.h
configure:4755: gcc -c -O2 -Wall  -I/usr/local/include  conftest.c >&5
configure:4755: $? = 0
configure:4755: result: yes
configure:4755: checking for strings.h
configure:4755: gcc -c -O2 -Wall  -I/usr/local/include  conftest.c >&5
configure:4755: $? = 0
configure:4755: result: yes
configure:4755: checking for inttypes.h
configure:4755: gcc -c -O2 -Wall  -I/usr/local/include  conftest.c >&5
configure:4755: $? = 0
configure:4755: result: yes
configure:4755: checking for stdint.h
configure:4755: gcc -c -O2 -Wall  -I/usr/local/include  conftest.c >&5
configure:4755: $? = 0
configure:4755: result: yes
configure:4755: checking for unistd.h
configure:4755: gcc -c -O2 -Wall  -I/usr/local/include  conftest.c >&5
configure:4755: $? = 0
configure:4755: result: yes
configure:4770: checking sys/time.h usability
configure:4770: gcc -c -O2 -Wall  -I/usr/local/include  conftest.c >&5
configure:4770: $? = 0
configure:4770: result: yes
configure:4770: checking sys/time.h presence
configure:4770: gcc -E  -I/usr/local/include  conftest.c
configure:4770: $? = 0
configure:4770: result: yes
configure:4770: checking for sys/time.h
configure:4770: result: yes
configure:4770: checking for unistd.h
configure:4770: result: yes
configure:4770: checking for string.h
configure:4770: result: yes
configure:4781: checking for an ANSI C-conforming const
configure:4854: result: yes
configure:4862: checking whether time.h and sys/time.h may both be included
configure:4882: gcc -c -O2 -Wall  -I/usr/local/include  conftest.c >&5
configure:4882: $? = 0
configure:4889: result: yes
configure:4898: checking for working memcmp
configure:4941: gcc -o conftest -O2 -Wall  -I/usr/local/include  -L./  -L/usr/local/lib  conftest.c -lssl -lcrypto -lnsl  >&5
configure:4941: $? = 0
configure:4941: ./conftest
configure:4941: $? = 0
configure:4951: result: yes
configure:4961: checking for size_t
configure:4961: gcc -c -O2 -Wall  -I/usr/local/include  conftest.c >&5
configure:4961: $? = 0
configure:4961: gcc -c -O2 -Wall  -I/usr/local/include  conftest.c >&5
conftest.c: In function 'main':
conftest.c:66:21: error: expected expression before ')' token
 if (sizeof ((size_t)))
                     ^
configure:4961: $? = 1
configure: failed program was:
| /* confdefs.h */
| #define PACKAGE_NAME ""
| #define PACKAGE_TARNAME ""
| #define PACKAGE_VERSION ""
| #define PACKAGE_STRING ""
| #define PACKAGE_BUGREPORT ""
| #define PACKAGE_URL ""
| #define PACKAGE "thc-ssl-dos"
| #define VERSION "1.4"
| #define HAVE_DEVURANDOM 1
| #define HAVE_LIBNSL 1
| #define HAVE_LIBCRYPTO 1
| #define HAVE_LIBSSL 1
| #define STDC_HEADERS 1
| #define HAVE_SYS_WAIT_H 1
| #define HAVE_SYS_TYPES_H 1
| #define HAVE_SYS_STAT_H 1
| #define HAVE_STDLIB_H 1
| #define HAVE_STRING_H 1
| #define HAVE_MEMORY_H 1
| #define HAVE_STRINGS_H 1
| #define HAVE_INTTYPES_H 1
| #define HAVE_STDINT_H 1
| #define HAVE_UNISTD_H 1
| #define HAVE_SYS_TIME_H 1
| #define HAVE_UNISTD_H 1
| #define HAVE_STRING_H 1
| #define TIME_WITH_SYS_TIME 1
| /* end confdefs.h.  */
| #include <stdio.h>
| #ifdef HAVE_SYS_TYPES_H
| # include <sys/types.h>
| #endif
| #ifdef HAVE_SYS_STAT_H
| # include <sys/stat.h>
| #endif
| #ifdef STDC_HEADERS
| # include <stdlib.h>
| # include <stddef.h>
| #else
| # ifdef HAVE_STDLIB_H
| #  include <stdlib.h>
| # endif
| #endif
| #ifdef HAVE_STRING_H
| # if !defined STDC_HEADERS && defined HAVE_MEMORY_H
| #  include <memory.h>
| # endif
| # include <string.h>
| #endif
| #ifdef HAVE_STRINGS_H
| # include <strings.h>
| #endif
| #ifdef HAVE_INTTYPES_H
| # include <inttypes.h>
| #endif
| #ifdef HAVE_STDINT_H
| # include <stdint.h>
| #endif
| #ifdef HAVE_UNISTD_H
| # include <unistd.h>
| #endif
| int
| main ()
| {
| if (sizeof ((size_t)))
| 	    return 0;
|   ;
|   return 0;
| }
configure:4961: result: yes
configure:4972: checking for u_int32_t
configure:4972: gcc -c -O2 -Wall  -I/usr/local/include  conftest.c >&5
configure:4972: $? = 0
configure:4972: gcc -c -O2 -Wall  -I/usr/local/include  conftest.c >&5
conftest.c: In function 'main':
conftest.c:66:24: error: expected expression before ')' token
 if (sizeof ((u_int32_t)))
                        ^
configure:4972: $? = 1
configure: failed program was:
| /* confdefs.h */
| #define PACKAGE_NAME ""
| #define PACKAGE_TARNAME ""
| #define PACKAGE_VERSION ""
| #define PACKAGE_STRING ""
| #define PACKAGE_BUGREPORT ""
| #define PACKAGE_URL ""
| #define PACKAGE "thc-ssl-dos"
| #define VERSION "1.4"
| #define HAVE_DEVURANDOM 1
| #define HAVE_LIBNSL 1
| #define HAVE_LIBCRYPTO 1
| #define HAVE_LIBSSL 1
| #define STDC_HEADERS 1
| #define HAVE_SYS_WAIT_H 1
| #define HAVE_SYS_TYPES_H 1
| #define HAVE_SYS_STAT_H 1
| #define HAVE_STDLIB_H 1
| #define HAVE_STRING_H 1
| #define HAVE_MEMORY_H 1
| #define HAVE_STRINGS_H 1
| #define HAVE_INTTYPES_H 1
| #define HAVE_STDINT_H 1
| #define HAVE_UNISTD_H 1
| #define HAVE_SYS_TIME_H 1
| #define HAVE_UNISTD_H 1
| #define HAVE_STRING_H 1
| #define TIME_WITH_SYS_TIME 1
| /* end confdefs.h.  */
| #include <stdio.h>
| #ifdef HAVE_SYS_TYPES_H
| # include <sys/types.h>
| #endif
| #ifdef HAVE_SYS_STAT_H
| # include <sys/stat.h>
| #endif
| #ifdef STDC_HEADERS
| # include <stdlib.h>
| # include <stddef.h>
| #else
| # ifdef HAVE_STDLIB_H
| #  include <stdlib.h>
| # endif
| #endif
| #ifdef HAVE_STRING_H
| # if !defined STDC_HEADERS && defined HAVE_MEMORY_H
| #  include <memory.h>
| # endif
| # include <string.h>
| #endif
| #ifdef HAVE_STRINGS_H
| # include <strings.h>
| #endif
| #ifdef HAVE_INTTYPES_H
| # include <inttypes.h>
| #endif
| #ifdef HAVE_STDINT_H
| # include <stdint.h>
| #endif
| #ifdef HAVE_UNISTD_H
| # include <unistd.h>
| #endif
| int
| main ()
| {
| if (sizeof ((u_int32_t)))
| 	    return 0;
|   ;
|   return 0;
| }
configure:4972: result: yes
configure:4982: checking for uint32_t
configure:4982: gcc -c -O2 -Wall  -I/usr/local/include  conftest.c >&5
configure:4982: $? = 0
configure:4982: gcc -c -O2 -Wall  -I/usr/local/include  conftest.c >&5
conftest.c: In function 'main':
conftest.c:67:23: error: expected expression before ')' token
 if (sizeof ((uint32_t)))
                       ^
configure:4982: $? = 1
configure: failed program was:
| /* confdefs.h */
| #define PACKAGE_NAME ""
| #define PACKAGE_TARNAME ""
| #define PACKAGE_VERSION ""
| #define PACKAGE_STRING ""
| #define PACKAGE_BUGREPORT ""
| #define PACKAGE_URL ""
| #define PACKAGE "thc-ssl-dos"
| #define VERSION "1.4"
| #define HAVE_DEVURANDOM 1
| #define HAVE_LIBNSL 1
| #define HAVE_LIBCRYPTO 1
| #define HAVE_LIBSSL 1
| #define STDC_HEADERS 1
| #define HAVE_SYS_WAIT_H 1
| #define HAVE_SYS_TYPES_H 1
| #define HAVE_SYS_STAT_H 1
| #define HAVE_STDLIB_H 1
| #define HAVE_STRING_H 1
| #define HAVE_MEMORY_H 1
| #define HAVE_STRINGS_H 1
| #define HAVE_INTTYPES_H 1
| #define HAVE_STDINT_H 1
| #define HAVE_UNISTD_H 1
| #define HAVE_SYS_TIME_H 1
| #define HAVE_UNISTD_H 1
| #define HAVE_STRING_H 1
| #define TIME_WITH_SYS_TIME 1
| #define HAVE_U_INT32_T 1
| /* end confdefs.h.  */
| #include <stdio.h>
| #ifdef HAVE_SYS_TYPES_H
| # include <sys/types.h>
| #endif
| #ifdef HAVE_SYS_STAT_H
| # include <sys/stat.h>
| #endif
| #ifdef STDC_HEADERS
| # include <stdlib.h>
| # include <stddef.h>
| #else
| # ifdef HAVE_STDLIB_H
| #  include <stdlib.h>
| # endif
| #endif
| #ifdef HAVE_STRING_H
| # if !defined STDC_HEADERS && defined HAVE_MEMORY_H
| #  include <memory.h>
| # endif
| # include <string.h>
| #endif
| #ifdef HAVE_STRINGS_H
| # include <strings.h>
| #endif
| #ifdef HAVE_INTTYPES_H
| # include <inttypes.h>
| #endif
| #ifdef HAVE_STDINT_H
| # include <stdint.h>
| #endif
| #ifdef HAVE_UNISTD_H
| # include <unistd.h>
| #endif
| int
| main ()
| {
| if (sizeof ((uint32_t)))
| 	    return 0;
|   ;
|   return 0;
| }
configure:4982: result: yes
configure:4996: checking for gettimeofday
configure:4996: gcc -o conftest -O2 -Wall  -I/usr/local/include  -L./  -L/usr/local/lib  conftest.c -lssl -lcrypto -lnsl  >&5
configure:4996: $? = 0
configure:4996: result: yes
configure:4996: checking for memcpy
configure:4996: gcc -o conftest -O2 -Wall  -I/usr/local/include  -L./  -L/usr/local/lib  conftest.c -lssl -lcrypto -lnsl  >&5
conftest.c:56:6: warning: conflicting types for built-in function 'memcpy' [enabled by default]
 char memcpy ();
      ^
configure:4996: $? = 0
configure:4996: result: yes
configure:4996: checking for strchr
configure:4996: gcc -o conftest -O2 -Wall  -I/usr/local/include  -L./  -L/usr/local/lib  conftest.c -lssl -lcrypto -lnsl  >&5
conftest.c:57:6: warning: conflicting types for built-in function 'strchr' [enabled by default]
 char strchr ();
      ^
configure:4996: $? = 0
configure:4996: result: yes
configure:4996: checking for snprintf
configure:4996: gcc -o conftest -O2 -Wall  -I/usr/local/include  -L./  -L/usr/local/lib  conftest.c -lssl -lcrypto -lnsl  >&5
conftest.c:58:6: warning: conflicting types for built-in function 'snprintf' [enabled by default]
 char snprintf ();
      ^
configure:4996: $? = 0
configure:4996: result: yes
configure:4996: checking for vsnprintf
configure:4996: gcc -o conftest -O2 -Wall  -I/usr/local/include  -L./  -L/usr/local/lib  conftest.c -lssl -lcrypto -lnsl  >&5
conftest.c:59:6: warning: conflicting types for built-in function 'vsnprintf' [enabled by default]
 char vsnprintf ();
      ^
configure:4996: $? = 0
configure:4996: result: yes
configure:5150: creating ./config.status

## ---------------- ##
## Cache variables. ##
## ---------------- ##

ac_cv_build=x86_64-unknown-linux-gnu
ac_cv_c_compiler_gnu=yes
ac_cv_c_const=yes
ac_cv_env_CC_set=
ac_cv_env_CC_value=
ac_cv_env_CFLAGS_set=
ac_cv_env_CFLAGS_value=
ac_cv_env_CPPFLAGS_set=
ac_cv_env_CPPFLAGS_value=
ac_cv_env_CPP_set=
ac_cv_env_CPP_value=
ac_cv_env_LDFLAGS_set=
ac_cv_env_LDFLAGS_value=
ac_cv_env_LIBS_set=
ac_cv_env_LIBS_value=
ac_cv_env_build_alias_set=
ac_cv_env_build_alias_value=
ac_cv_env_host_alias_set=
ac_cv_env_host_alias_value=
ac_cv_env_target_alias_set=
ac_cv_env_target_alias_value=
ac_cv_file__dev_urandom=yes
ac_cv_func_gettimeofday=yes
ac_cv_func_memcmp_working=yes
ac_cv_func_memcpy=yes
ac_cv_func_snprintf=yes
ac_cv_func_strchr=yes
ac_cv_func_vsnprintf=yes
ac_cv_header_inttypes_h=yes
ac_cv_header_memory_h=yes
ac_cv_header_stdc=yes
ac_cv_header_stdint_h=yes
ac_cv_header_stdlib_h=yes
ac_cv_header_string_h=yes
ac_cv_header_strings_h=yes
ac_cv_header_sys_stat_h=yes
ac_cv_header_sys_time_h=yes
ac_cv_header_sys_types_h=yes
ac_cv_header_sys_wait_h=yes
ac_cv_header_time=yes
ac_cv_header_unistd_h=yes
ac_cv_host=x86_64-unknown-linux-gnu
ac_cv_lib_crypto_DH_free=yes
ac_cv_lib_nsl_gethostbyname=yes
ac_cv_lib_socket_socket=no
ac_cv_lib_ssl_BIO_new_ssl=yes
ac_cv_objext=o
ac_cv_path_EGREP='/usr/bin/grep -E'
ac_cv_path_GREP=/usr/bin/grep
ac_cv_path_install='/usr/bin/install -c'
ac_cv_path_mkdir=/usr/bin/mkdir
ac_cv_prog_AWK=gawk
ac_cv_prog_CPP='gcc -E'
ac_cv_prog_ac_ct_CC=gcc
ac_cv_prog_ac_ct_RANLIB=ranlib
ac_cv_prog_cc_c89=
ac_cv_prog_cc_g=yes
ac_cv_prog_make_make_set=yes
ac_cv_target=x86_64-unknown-linux-gnu
ac_cv_type_size_t=yes
ac_cv_type_u_int32_t=yes
ac_cv_type_uint32_t=yes
am_cv_CC_dependencies_compiler_type=gcc3

## ----------------- ##
## Output variables. ##
## ----------------- ##

ACLOCAL='${SHELL} /root/.pen/ssl/thc-tls-dos/config/missing --run aclocal-1.11'
AMDEPBACKSLASH='\'
AMDEP_FALSE='#'
AMDEP_TRUE=''
AMTAR='${SHELL} /root/.pen/ssl/thc-tls-dos/config/missing --run tar'
AUTOCONF='${SHELL} /root/.pen/ssl/thc-tls-dos/config/missing --run autoconf'
AUTOHEADER='${SHELL} /root/.pen/ssl/thc-tls-dos/config/missing --run autoheader'
AUTOMAKE='${SHELL} /root/.pen/ssl/thc-tls-dos/config/missing --run automake-1.11'
AWK='gawk'
CC='gcc'
CCDEPMODE='depmode=gcc3'
CFLAGS='-O2 -Wall'
CPP='gcc -E'
CPPFLAGS=' -I/usr/local/include '
CYGPATH_W='echo'
DEFS='-DHAVE_CONFIG_H'
DEPDIR='.deps'
ECHO_C=''
ECHO_N='-n'
ECHO_T=''
EGREP='/usr/bin/grep -E'
EXEEXT=''
GREP='/usr/bin/grep'
INSTALL_DATA='${INSTALL} -m 644'
INSTALL_PROGRAM='${INSTALL}'
INSTALL_SCRIPT='${INSTALL}'
INSTALL_STRIP_PROGRAM='$(install_sh) -c -s'
LDFLAGS='-L./  -L/usr/local/lib '
LIBOBJS=''
LIBS='-lssl -lcrypto -lnsl '
LTLIBOBJS=''
MAKEINFO='${SHELL} /root/.pen/ssl/thc-tls-dos/config/missing --run makeinfo'
MKDIR_P='/usr/bin/mkdir -p'
OBJEXT='o'
PACKAGE='thc-ssl-dos'
PACKAGE_BUGREPORT=''
PACKAGE_NAME=''
PACKAGE_STRING=''
PACKAGE_TARNAME=''
PACKAGE_URL=''
PACKAGE_VERSION=''
PATH_SEPARATOR=':'
RANLIB='ranlib'
SET_MAKE=''
SHELL='/bin/sh'
STRIP=''
VERSION='1.4'
ac_ct_CC='gcc'
am__EXEEXT_FALSE=''
am__EXEEXT_TRUE='#'
am__fastdepCC_FALSE='#'
am__fastdepCC_TRUE=''
am__include='include'
am__isrc=''
am__leading_dot='.'
am__quote=''
am__tar='${AMTAR} chof - "$$tardir"'
am__untar='${AMTAR} xf -'
bindir='${exec_prefix}/bin'
build='x86_64-unknown-linux-gnu'
build_alias=''
build_cpu='x86_64'
build_os='linux-gnu'
build_vendor='unknown'
datadir='${datarootdir}'
datarootdir='${prefix}/share'
docdir='${datarootdir}/doc/${PACKAGE}'
dvidir='${docdir}'
exec_prefix='/usr/local'
host='x86_64-unknown-linux-gnu'
host_alias=''
host_cpu='x86_64'
host_os='linux-gnu'
host_vendor='unknown'
htmldir='${docdir}'
includedir='${prefix}/include'
infodir='${datarootdir}/info'
install_sh='${SHELL} /root/.pen/ssl/thc-tls-dos/config/install-sh'
libdir='${exec_prefix}/lib'
libexecdir='${exec_prefix}/libexec'
localedir='${datarootdir}/locale'
localstatedir='${prefix}/var'
mandir='${datarootdir}/man'
mkdir_p='/usr/bin/mkdir -p'
oldincludedir='/usr/include'
pdfdir='${docdir}'
prefix='/usr/local'
program_transform_name='s,x,x,'
psdir='${docdir}'
sbindir='${exec_prefix}/sbin'
sharedstatedir='${prefix}/com'
sysconfdir='${prefix}/etc'
target='x86_64-unknown-linux-gnu'
target_alias=''
target_cpu='x86_64'
target_os='linux-gnu'
target_vendor='unknown'

## ----------- ##
## confdefs.h. ##
## ----------- ##

/* confdefs.h */
#define PACKAGE_NAME ""
#define PACKAGE_TARNAME ""
#define PACKAGE_VERSION ""
#define PACKAGE_STRING ""
#define PACKAGE_BUGREPORT ""
#define PACKAGE_URL ""
#define PACKAGE "thc-ssl-dos"
#define VERSION "1.4"
#define HAVE_DEVURANDOM 1
#define HAVE_LIBNSL 1
#define HAVE_LIBCRYPTO 1
#define HAVE_LIBSSL 1
#define STDC_HEADERS 1
#define HAVE_SYS_WAIT_H 1
#define HAVE_SYS_TYPES_H 1
#define HAVE_SYS_STAT_H 1
#define HAVE_STDLIB_H 1
#define HAVE_STRING_H 1
#define HAVE_MEMORY_H 1
#define HAVE_STRINGS_H 1
#define HAVE_INTTYPES_H 1
#define HAVE_STDINT_H 1
#define HAVE_UNISTD_H 1
#define HAVE_SYS_TIME_H 1
#define HAVE_UNISTD_H 1
#define HAVE_STRING_H 1
#define TIME_WITH_SYS_TIME 1
#define HAVE_U_INT32_T 1
#define HAVE_UINT32_T 1
#define HAVE_GETTIMEOFDAY 1
#define HAVE_MEMCPY 1
#define HAVE_STRCHR 1
#define HAVE_SNPRINTF 1
#define HAVE_VSNPRINTF 1
#define IS_UNIX 1

configure: exit 0

## ---------------------- ##
## Running config.status. ##
## ---------------------- ##

This file was extended by config.status, which was
generated by GNU Autoconf 2.69.  Invocation command line was

  CONFIG_FILES    = 
  CONFIG_HEADERS  = 
  CONFIG_LINKS    = 
  CONFIG_COMMANDS = 
  $ ./config.status 

on ATM-5501544-02

config.status:878: creating Makefile
config.status:878: creating src/Makefile
config.status:878: creating config.h
config.status:1059: config.h is unchanged
config.status:1107: executing depfiles commands

## ---------------------- ##
## Running config.status. ##
## ---------------------- ##

This file was extended by config.status, which was
generated by GNU Autoconf 2.69.  Invocation command line was

  CONFIG_FILES    = 
  CONFIG_HEADERS  = 
  CONFIG_LINKS    = 
  CONFIG_COMMANDS = 
  $ ./config.status config.h

on ATM-5501544-02

config.status:878: creating config.h
config.status:1059: config.h is unchanged
